<?xml version="1.0" encoding="UTF-8"?>
<testng-results skipped="0" failed="0" ignored="0" total="1" passed="1">
  <reporter-output>
  </reporter-output>
  <suite name="Default suite" duration-ms="551350" started-at="2018-05-08T06:42:14Z" finished-at="2018-05-08T06:51:25Z">
    <groups>
    </groups>
    <test name="Default test" duration-ms="551350" started-at="2018-05-08T06:42:14Z" finished-at="2018-05-08T06:51:25Z">
      <class name="com.qa.test.seleniumTestDemo">
        <test-method status="PASS" signature="beforeTest()[pri:0, instance:com.qa.test.seleniumTestDemo@17dd107]" name="beforeTest" is-config="true" duration-ms="11" started-at="2018-05-08T14:42:14Z" finished-at="2018-05-08T14:42:14Z">
          <reporter-output>
          </reporter-output>
        </test-method> <!-- beforeTest -->
        <test-method status="PASS" signature="f()[pri:0, instance:com.qa.test.seleniumTestDemo@17dd107]" name="f" duration-ms="551312" started-at="2018-05-08T14:42:14Z" finished-at="2018-05-08T14:51:25Z">
          <reporter-output>
          </reporter-output>
        </test-method> <!-- f -->
        <test-method status="PASS" signature="afterTest()[pri:0, instance:com.qa.test.seleniumTestDemo@17dd107]" name="afterTest" is-config="true" duration-ms="1" started-at="2018-05-08T14:51:25Z" finished-at="2018-05-08T14:51:25Z">
          <reporter-output>
          </reporter-output>
        </test-method> <!-- afterTest -->
      </class> <!-- com.qa.test.seleniumTestDemo -->
    </test> <!-- Default test -->
  </suite> <!-- Default suite -->
</testng-results>
