<?xml version="1.0" encoding="UTF-8"?>
<testng-results skipped="0" failed="0" ignored="0" total="2" passed="2">
  <reporter-output>
  </reporter-output>
  <suite name="Suite" duration-ms="3939" started-at="2018-03-27T09:32:55Z" finished-at="2018-03-27T09:32:59Z">
    <groups>
    </groups>
    <test name="Test_passport" duration-ms="3939" started-at="2018-03-27T09:32:55Z" finished-at="2018-03-27T09:32:59Z">
      <class name="findyou.testcase.interface_gui_test">
        <test-method status="PASS" signature="setup(java.lang.String)[pri:0, instance:findyou.testcase.interface_gui_test@19c0f4a]" test-instance-name="API Test" name="setup" is-config="true" duration-ms="1864" started-at="2018-03-27T17:32:55Z" finished-at="2018-03-27T17:32:57Z">
          <params>
            <param index="0">
              <value>
                <![CDATA[D:/java_workspace/httpAPITest/interface_gui_test_case.xlsx]]>
              </value>
            </param>
          </params>
          <reporter-output>
          </reporter-output>
        </test-method> <!-- setup -->
        <test-method name="api_test" test-instance-name="API Test" signature="api_test(java.lang.String, java.lang.String)[pri:0, instance:findyou.testcase.interface_gui_test@19c0f4a]" status="PASS" duration-ms="1544" finished-at="2018-03-27T17:32:58Z" started-at="2018-03-27T17:32:57Z" data-provider="WorkBookData" description="ReqGenTest">
          <params>
            <param index="0">
              <value>
                <![CDATA[1]]>
              </value>
            </param>
            <param index="1">
              <value>
                <![CDATA[omiss_1]]>
              </value>
            </param>
          </params>
          <reporter-output>
          </reporter-output>
        </test-method> <!-- api_test -->
        <test-method name="api_test" test-instance-name="API Test" signature="api_test(java.lang.String, java.lang.String)[pri:0, instance:findyou.testcase.interface_gui_test@19c0f4a]" status="PASS" duration-ms="182" finished-at="2018-03-27T17:32:58Z" started-at="2018-03-27T17:32:58Z" data-provider="WorkBookData" description="ReqGenTest">
          <params>
            <param index="0">
              <value>
                <![CDATA[2]]>
              </value>
            </param>
            <param index="1">
              <value>
                <![CDATA[login]]>
              </value>
            </param>
          </params>
          <reporter-output>
          </reporter-output>
        </test-method> <!-- api_test -->
        <test-method status="PASS" signature="teardown()[pri:0, instance:findyou.testcase.interface_gui_test@19c0f4a]" test-instance-name="API Test" name="teardown" is-config="true" duration-ms="191" started-at="2018-03-27T17:32:58Z" finished-at="2018-03-27T17:32:59Z">
          <reporter-output>
          </reporter-output>
        </test-method> <!-- teardown -->
      </class> <!-- findyou.testcase.interface_gui_test -->
    </test> <!-- Test_passport -->
  </suite> <!-- Suite -->
</testng-results>
