<?xml version="1.0" encoding="UTF-8"?>
<testsuite xmlns:xsi="http://www.w3.org/2001/XMLSchema-instance" xsi:noNamespaceSchemaLocation="https://maven.apache.org/surefire/maven-surefire-plugin/xsd/surefire-test-report.xsd" name="TestSuite" time="3.113" tests="3" errors="0" skipped="0" failures="0">
  <properties>
[...]
</properties>
  <testcase name="API Test" classname="com.test.api.interfaceGuiTest" time="1.834"/>
  <testcase name="API Test" classname="com.test.api.interfaceGuiTest" time="0.042"/>
  <testcase name="API Test" classname="com.test.api.interfaceGuiTest" time="0.004"/>
</testsuite>