<?xml version="1.0" encoding="UTF-8"?>
<!-- Generated by org.testng.reporters.JUnitXMLReporter -->
<testsuite hostname="FTQJK-L5049" ignored="0" name="Test_interfaceGuiTest" tests="3" failures="0" timestamp="12 四月 2018 07:19:21 GMT" time="3.085" errors="0">
  <testcase name="API Test" time="2.267" classname="com.test.api.interfaceGuiTest"/>
  <testcase name="API Test" time="0.027" classname="com.test.api.interfaceGuiTest"/>
  <testcase name="API Test" time="0.001" classname="com.test.api.interfaceGuiTest"/>
</testsuite> <!-- Test_interfaceGuiTest -->
